<?xml version="1.0" encoding="UTF-8"?>
<!-- Generated by org.testng.reporters.JUnitReportReporter -->
<testsuite hostname="DESKTOP-0UQGQ37" failures="0" tests="1" name="com.qa.api.tests.GET.APIDisposeTest" time="0.355" errors="0" timestamp="2024-08-21T12:32:05 IST" skipped="0">
  <testcase classname="com.qa.api.tests.GET.APIDisposeTest" name="disposeResponseTest" time="0.355"/>
</testsuite> <!-- com.qa.api.tests.GET.APIDisposeTest -->
