<?xml version="1.0" encoding="UTF-8"?>
<!-- Generated by org.testng.reporters.JUnitReportReporter -->
<testsuite hostname="DESKTOP-0UQGQ37" failures="0" tests="2" name="com.qa.api.tests.GET.GETAPICall" time="1.009" errors="0" timestamp="2024-08-21T12:32:05 IST" skipped="0">
  <testcase classname="com.qa.api.tests.GET.GETAPICall" name="getUserAndValidateHeaderApiTest" time="0.870"/>
  <testcase classname="com.qa.api.tests.GET.GETAPICall" name="getUserApiTest" time="0.139"/>
</testsuite> <!-- com.qa.api.tests.GET.GETAPICall -->
