<?xml version="1.0" encoding="UTF-8"?>
<!-- Generated by org.testng.reporters.JUnitReportReporter -->
<testsuite hostname="DESKTOP-0UQGQ37" failures="0" tests="2" name="com.qa.api.tests.GET.GETAPICall" time="0.509" errors="0" timestamp="2024-08-18T14:31:59 IST" skipped="0">
  <testcase classname="com.qa.api.tests.GET.GETAPICall" name="getUsersApiTest" time="0.076"/>
  <testcase classname="com.qa.api.tests.GET.GETAPICall" name="getSpecificUserApiTest" time="0.433"/>
</testsuite> <!-- com.qa.api.tests.GET.GETAPICall -->
